<?xml version="1.0" encoding="UTF-8"?>
<!-- Generated by org.testng.reporters.JUnitXMLReporter -->
<testsuite hostname="Gouravs-MacBook-Air.local" name="Default test" tests="4" failures="0" timestamp="14 Oct 2018 19:59:34 GMT" time="0.08" errors="0">
  <testcase name="@BeforeTest driverSetUP" time="0.0" classname="test.validateHomePage">
    <failure type="org.testng.TestNGException" message="
Parameter &amp;apos;itemNum&amp;apos; is required by @Configuration on method driverSetUP but has not been marked @Optional or defined
in /private/var/folders/d4/bz1z67p90dg1knn4xb_q44bh0000gn/T/testng-eclipse-498716917/testng-customsuite.xml">
      <![CDATA[org.testng.TestNGException: 
Parameter 'itemNum' is required by @Configuration on method driverSetUP but has not been marked @Optional or defined
in /private/var/folders/d4/bz1z67p90dg1knn4xb_q44bh0000gn/T/testng-eclipse-498716917/testng-customsuite.xml
	at org.testng.internal.Parameters.createParameters(Parameters.java:155)
	at org.testng.internal.Parameters.createParameters(Parameters.java:355)
	at org.testng.internal.Parameters.createConfigurationParameters(Parameters.java:86)
	at org.testng.internal.Invoker.invokeConfigurations(Invoker.java:199)
	at org.testng.internal.Invoker.invokeConfigurations(Invoker.java:138)
	at org.testng.TestRunner.beforeRun(TestRunner.java:641)
	at org.testng.TestRunner.run(TestRunner.java:609)
	at org.testng.SuiteRunner.runTest(SuiteRunner.java:334)
	at org.testng.SuiteRunner.runSequentially(SuiteRunner.java:329)
	at org.testng.SuiteRunner.privateRun(SuiteRunner.java:291)
	at org.testng.SuiteRunner.run(SuiteRunner.java:240)
	at org.testng.SuiteRunnerWorker.runSuite(SuiteRunnerWorker.java:52)
	at org.testng.SuiteRunnerWorker.run(SuiteRunnerWorker.java:86)
	at org.testng.TestNG.runSuitesSequentially(TestNG.java:1198)
	at org.testng.TestNG.runSuitesLocally(TestNG.java:1123)
	at org.testng.TestNG.run(TestNG.java:1031)
	at org.testng.remote.AbstractRemoteTestNG.run(AbstractRemoteTestNG.java:114)
	at org.testng.remote.RemoteTestNG.initAndRun(RemoteTestNG.java:251)
	at org.testng.remote.RemoteTestNG.main(RemoteTestNG.java:77)
]]>
    </failure>
  </testcase> <!-- @BeforeTest driverSetUP -->
  <testcase name="@BeforeClass urlSetUP" time="0.0" classname="test.validateHomePage">
    <skipped/>
  </testcase> <!-- @BeforeClass urlSetUP -->
  <testcase name="@AfterTest tearDown" time="0.0" classname="test.validateHomePage">
    <skipped/>
  </testcase> <!-- @AfterTest tearDown -->
  <testcase name="validateSearchButton" time="0.002" classname="test.validateHomePage">
    <skipped/>
  </testcase> <!-- validateSearchButton -->
  <testcase name="validateProductDetails" time="0.001" classname="test.validateHomePage">
    <skipped/>
  </testcase> <!-- validateProductDetails -->
  <testcase name="validateItemCountInCart" time="0.001" classname="test.validateHomePage">
    <skipped/>
  </testcase> <!-- validateItemCountInCart -->
  <testcase name="validateLoginOnCheckout" time="0.006" classname="test.validateHomePage">
    <skipped/>
  </testcase> <!-- validateLoginOnCheckout -->
</testsuite> <!-- Default test -->
